d:\code_local\darknet_yolov3\darknet_yolov3\x64\debug\vc120.pdb
d:\code_local\darknet_yolov3\darknet_yolov3\x64\debug\vc120.idb
d:\code_local\darknet_yolov3\darknet_yolov3\x64\debug\http_stream.obj
d:\code_local\darknet_yolov3\darknet_yolov3\x64\debug\yolo_console_dll.obj
d:\code_local\darknet_yolov3\darknet_yolov3\x64\debug\yolo_v2_class.obj
d:\code_local\darknet_yolov3\darknet_yolov3\x64\debug\parser.obj
d:\code_local\darknet_yolov3\darknet_yolov3\x64\debug\region_layer.obj
d:\code_local\darknet_yolov3\darknet_yolov3\x64\debug\reorg_layer.obj
d:\code_local\darknet_yolov3\darknet_yolov3\x64\debug\reorg_old_layer.obj
d:\code_local\darknet_yolov3\darknet_yolov3\x64\debug\rnn.obj
d:\code_local\darknet_yolov3\darknet_yolov3\x64\debug\rnn_layer.obj
d:\code_local\darknet_yolov3\darknet_yolov3\x64\debug\rnn_vid.obj
d:\code_local\darknet_yolov3\darknet_yolov3\x64\debug\route_layer.obj
d:\code_local\darknet_yolov3\darknet_yolov3\x64\debug\shortcut_layer.obj
d:\code_local\darknet_yolov3\darknet_yolov3\x64\debug\softmax_layer.obj
d:\code_local\darknet_yolov3\darknet_yolov3\x64\debug\super.obj
d:\code_local\darknet_yolov3\darknet_yolov3\x64\debug\swag.obj
d:\code_local\darknet_yolov3\darknet_yolov3\x64\debug\tag.obj
d:\code_local\darknet_yolov3\darknet_yolov3\x64\debug\tree.obj
d:\code_local\darknet_yolov3\darknet_yolov3\x64\debug\upsample_layer.obj
d:\code_local\darknet_yolov3\darknet_yolov3\x64\debug\utils.obj
d:\code_local\darknet_yolov3\darknet_yolov3\x64\debug\voxel.obj
d:\code_local\darknet_yolov3\darknet_yolov3\x64\debug\writing.obj
d:\code_local\darknet_yolov3\darknet_yolov3\x64\debug\yolo.obj
d:\code_local\darknet_yolov3\darknet_yolov3\x64\debug\yolo_layer.obj
d:\code_local\darknet_yolov3\darknet_yolov3\x64\debug\dice.obj
d:\code_local\darknet_yolov3\darknet_yolov3\x64\debug\dropout_layer.obj
d:\code_local\darknet_yolov3\darknet_yolov3\x64\debug\gemm.obj
d:\code_local\darknet_yolov3\darknet_yolov3\x64\debug\getopt.obj
d:\code_local\darknet_yolov3\darknet_yolov3\x64\debug\gettimeofday.obj
d:\code_local\darknet_yolov3\darknet_yolov3\x64\debug\go.obj
d:\code_local\darknet_yolov3\darknet_yolov3\x64\debug\gru_layer.obj
d:\code_local\darknet_yolov3\darknet_yolov3\x64\debug\im2col.obj
d:\code_local\darknet_yolov3\darknet_yolov3\x64\debug\image.obj
d:\code_local\darknet_yolov3\darknet_yolov3\x64\debug\layer.obj
d:\code_local\darknet_yolov3\darknet_yolov3\x64\debug\list.obj
d:\code_local\darknet_yolov3\darknet_yolov3\x64\debug\local_layer.obj
d:\code_local\darknet_yolov3\darknet_yolov3\x64\debug\matrix.obj
d:\code_local\darknet_yolov3\darknet_yolov3\x64\debug\maxpool_layer.obj
d:\code_local\darknet_yolov3\darknet_yolov3\x64\debug\network.obj
d:\code_local\darknet_yolov3\darknet_yolov3\x64\debug\nightmare.obj
d:\code_local\darknet_yolov3\darknet_yolov3\x64\debug\normalization_layer.obj
d:\code_local\darknet_yolov3\darknet_yolov3\x64\debug\option_list.obj
d:\code_local\darknet_yolov3\darknet_yolov3\x64\debug\box.obj
d:\code_local\darknet_yolov3\darknet_yolov3\x64\debug\captcha.obj
d:\code_local\darknet_yolov3\darknet_yolov3\x64\debug\cifar.obj
d:\code_local\darknet_yolov3\darknet_yolov3\x64\debug\classifier.obj
d:\code_local\darknet_yolov3\darknet_yolov3\x64\debug\coco.obj
d:\code_local\darknet_yolov3\darknet_yolov3\x64\debug\col2im.obj
d:\code_local\darknet_yolov3\darknet_yolov3\x64\debug\compare.obj
d:\code_local\darknet_yolov3\darknet_yolov3\x64\debug\connected_layer.obj
d:\code_local\darknet_yolov3\darknet_yolov3\x64\debug\convolutional_layer.obj
d:\code_local\darknet_yolov3\darknet_yolov3\x64\debug\cost_layer.obj
d:\code_local\darknet_yolov3\darknet_yolov3\x64\debug\cpu_gemm.obj
d:\code_local\darknet_yolov3\darknet_yolov3\x64\debug\crnn_layer.obj
d:\code_local\darknet_yolov3\darknet_yolov3\x64\debug\crop_layer.obj
d:\code_local\darknet_yolov3\darknet_yolov3\x64\debug\cuda.obj
d:\code_local\darknet_yolov3\darknet_yolov3\x64\debug\darknet.obj
d:\code_local\darknet_yolov3\darknet_yolov3\x64\debug\data.obj
d:\code_local\darknet_yolov3\darknet_yolov3\x64\debug\deconvolutional_layer.obj
d:\code_local\darknet_yolov3\darknet_yolov3\x64\debug\demo.obj
d:\code_local\darknet_yolov3\darknet_yolov3\x64\debug\detection_layer.obj
d:\code_local\darknet_yolov3\darknet_yolov3\x64\debug\detector.obj
d:\code_local\darknet_yolov3\darknet_yolov3\x64\debug\activations.obj
d:\code_local\darknet_yolov3\darknet_yolov3\x64\debug\activation_layer.obj
d:\code_local\darknet_yolov3\darknet_yolov3\x64\debug\art.obj
d:\code_local\darknet_yolov3\darknet_yolov3\x64\debug\avgpool_layer.obj
d:\code_local\darknet_yolov3\darknet_yolov3\x64\debug\batchnorm_layer.obj
d:\code_local\darknet_yolov3\darknet_yolov3\x64\debug\blas.obj
d:\code_local\darknet_yolov3\darknet_yolov3\x64\debug\activation_kernels.cu.cache
d:\code_local\darknet_yolov3\darknet_yolov3\x64\debug\avgpool_layer_kernels.cu.cache
d:\code_local\darknet_yolov3\darknet_yolov3\x64\debug\blas_kernels.cu.cache
d:\code_local\darknet_yolov3\darknet_yolov3\x64\debug\col2im_kernels.cu.cache
d:\code_local\darknet_yolov3\darknet_yolov3\x64\debug\convolutional_kernels.cu.cache
d:\code_local\darknet_yolov3\darknet_yolov3\x64\debug\crop_layer_kernels.cu.cache
d:\code_local\darknet_yolov3\darknet_yolov3\x64\debug\deconvolutional_kernels.cu.cache
d:\code_local\darknet_yolov3\darknet_yolov3\x64\debug\dropout_layer_kernels.cu.cache
d:\code_local\darknet_yolov3\darknet_yolov3\x64\debug\im2col_kernels.cu.cache
d:\code_local\darknet_yolov3\darknet_yolov3\x64\debug\maxpool_layer_kernels.cu.cache
d:\code_local\darknet_yolov3\darknet_yolov3\x64\debug\network_kernels.cu.cache
d:\code_local\darknet_yolov3\darknet_yolov3\x64\debug\activation_kernels.cu.obj
d:\code_local\darknet_yolov3\darknet_yolov3\x64\debug\avgpool_layer_kernels.cu.obj
d:\code_local\darknet_yolov3\darknet_yolov3\x64\debug\blas_kernels.cu.obj
d:\code_local\darknet_yolov3\darknet_yolov3\x64\debug\col2im_kernels.cu.obj
d:\code_local\darknet_yolov3\darknet_yolov3\x64\debug\convolutional_kernels.cu.obj
d:\code_local\darknet_yolov3\darknet_yolov3\x64\debug\crop_layer_kernels.cu.obj
d:\code_local\darknet_yolov3\darknet_yolov3\x64\debug\deconvolutional_kernels.cu.obj
d:\code_local\darknet_yolov3\darknet_yolov3\x64\debug\dropout_layer_kernels.cu.obj
d:\code_local\darknet_yolov3\darknet_yolov3\x64\debug\im2col_kernels.cu.obj
d:\code_local\darknet_yolov3\darknet_yolov3\x64\debug\maxpool_layer_kernels.cu.obj
d:\code_local\darknet_yolov3\darknet_yolov3\x64\debug\network_kernels.cu.obj
d:\code_local\darknet_yolov3\darknet_yolov3\x64\debug\darknet_yolov3.tlog\cl.command.1.tlog
d:\code_local\darknet_yolov3\darknet_yolov3\x64\debug\darknet_yolov3.tlog\cl.read.1.tlog
d:\code_local\darknet_yolov3\darknet_yolov3\x64\debug\darknet_yolov3.tlog\cl.write.1.tlog
